2022-12-09 17:12:47,664	INFO	b**********@g****.com	获得了 486MB 流量.
2022-12-09 17:21:47,578	INFO	b**********@g****.com	您似乎已经签到过了...
2022-12-09 10:09:58,264	INFO	b**********@g****.com	您似乎已经签到过了...
2022-12-09 10:18:44,444	INFO	b**********@g****.com	您似乎已经签到过了...
2022-12-09 16:29:04,166	INFO	b**********@g****.com	获得了 309MB 流量.
2022-12-10 16:27:45,663	INFO	b**********@g****.com	获得了 335MB 流量.
2022-12-11 16:27:27,447	INFO	b**********@g****.com	获得了 344MB 流量.
2022-12-12 16:30:32,608	INFO	b**********@g****.com	获得了 432MB 流量.
2022-12-13 16:29:47,271	INFO	b**********@g****.com	获得了 300MB 流量.
2022-12-14 16:29:50,968	INFO	b**********@g****.com	获得了 499MB 流量.
2022-12-15 16:30:14,599	INFO	b**********@g****.com	获得了 325MB 流量.
2022-12-16 16:27:39,197	INFO	b**********@g****.com	获得了 446MB 流量.
2022-12-17 16:25:25,032	INFO	b**********@g****.com	获得了 473MB 流量.
2022-12-18 16:25:47,109	INFO	b**********@g****.com	获得了 477MB 流量.
2022-12-19 16:30:16,895	INFO	b**********@g****.com	获得了 425MB 流量.
2022-12-20 16:29:05,656	INFO	b**********@g****.com	获得了 332MB 流量.
2022-12-21 16:28:58,861	INFO	b**********@g****.com	获得了 316MB 流量.
2022-12-22 16:27:48,190	INFO	b**********@g****.com	获得了 388MB 流量.
2022-12-23 16:27:09,040	INFO	b**********@g****.com	获得了 305MB 流量.
2022-12-24 16:26:22,576	INFO	b**********@g****.com	获得了 392MB 流量.
2022-12-25 16:25:56,920	INFO	b**********@g****.com	获得了 444MB 流量.
2022-12-26 16:26:26,158	INFO	b**********@g****.com	获得了 431MB 流量.
2022-12-27 16:26:43,785	INFO	b**********@g****.com	获得了 410MB 流量.
2022-12-28 16:26:46,892	INFO	b**********@g****.com	获得了 409MB 流量.
2022-12-29 16:27:08,634	INFO	b**********@g****.com	获得了 427MB 流量.
2022-12-30 09:46:30,601	INFO	b**********@g****.com	您似乎已经签到过了...
2022-12-30 12:44:52,474	INFO	b**********@g****.com	您似乎已经签到过了...
2022-12-30 15:13:48,183	INFO	b**********@g****.com	您似乎已经签到过了...
2022-12-30 16:25:59,941	INFO	b**********@g****.com	获得了 313MB 流量.
2022-12-31 16:25:45,717	INFO	b**********@g****.com	获得了 454MB 流量.
2023-01-01 16:25:54,869	INFO	b**********@g****.com	获得了 491MB 流量.
2023-01-02 16:26:47,352	INFO	b**********@g****.com	获得了 354MB 流量.
2023-01-03 16:28:07,631	INFO	b**********@g****.com	获得了 336MB 流量.
2023-01-04 06:43:08,076	INFO	b**********@g****.com	您似乎已经签到过了...
2023-01-04 16:34:56,993	INFO	b**********@g****.com	获得了 392MB 流量.
2023-01-05 16:31:02,988	INFO	b**********@g****.com	获得了 330MB 流量.
2023-01-06 00:42:45,641	INFO	b**********@g****.com	您似乎已经签到过了...
2023-01-06 01:04:05,755	INFO	b**********@g****.com	您似乎已经签到过了...
2023-01-06 16:28:34,602	INFO	b**********@g****.com	获得了 327MB 流量.
2023-01-07 16:25:53,670	INFO	b**********@g****.com	获得了 328MB 流量.
2023-01-08 16:26:09,302	INFO	b**********@g****.com	获得了 478MB 流量.
2023-01-09 16:35:36,429	INFO	b**********@g****.com	获得了 476MB 流量.
2023-01-10 16:32:00,907	INFO	b**********@g****.com	获得了 441MB 流量.
2023-01-11 16:37:22,806	INFO	b**********@g****.com	获得了 411MB 流量.
2023-01-12 16:45:02,318	INFO	b**********@g****.com	获得了 339MB 流量.
2023-01-13 16:32:55,483	INFO	b**********@g****.com	获得了 320MB 流量.
2023-01-14 16:25:45,859	INFO	b**********@g****.com	获得了 459MB 流量.
2023-01-15 16:25:40,487	INFO	b**********@g****.com	获得了 480MB 流量.
2023-01-16 16:27:41,167	INFO	b**********@g****.com	获得了 302MB 流量.
2023-01-17 16:27:50,198	INFO	b**********@g****.com	获得了 439MB 流量.
2023-01-18 16:28:17,105	INFO	b**********@g****.com	获得了 393MB 流量.
2023-01-19 05:20:47,860	INFO	b**********@g****.com	您似乎已经签到过了...
2023-01-19 16:29:03,792	INFO	b**********@g****.com	获得了 307MB 流量.
2023-01-20 16:28:38,513	INFO	b**********@g****.com	获得了 383MB 流量.
2023-01-21 16:26:11,481	INFO	b**********@g****.com	获得了 459MB 流量.
2023-01-22 16:25:44,255	INFO	b**********@g****.com	获得了 483MB 流量.
2023-01-23 16:28:06,633	INFO	b**********@g****.com	获得了 331MB 流量.
2023-01-24 16:28:08,290	INFO	b**********@g****.com	获得了 326MB 流量.
2023-01-25 16:27:33,066	INFO	b**********@g****.com	获得了 326MB 流量.
2023-01-26 16:26:40,137	INFO	b**********@g****.com	获得了 406MB 流量.
2023-01-27 16:27:09,374	INFO	b**********@g****.com	获得了 349MB 流量.
2023-01-28 16:25:33,057	INFO	b**********@g****.com	获得了 390MB 流量.
2023-01-29 07:18:09,416	INFO	c*******@q*.com	获得了 373MB 流量.
2023-01-29 07:27:18,017	INFO	c*******@q*.com	您似乎已经签到过了...
2023-01-29 07:27:19,737	INFO	f*******@1**.com	获得了 473MB 流量.
2023-01-29 16:26:48,546	INFO	c*******@q*.com	获得了 380MB 流量.
2023-01-29 16:26:50,058	INFO	f*******@1**.com	获得了 495MB 流量.
2023-01-30 16:29:25,923	INFO	c*******@q*.com	获得了 394MB 流量.
2023-01-30 16:29:27,421	INFO	f*******@1**.com	获得了 475MB 流量.
2023-01-31 16:29:39,764	INFO	c*******@q*.com	获得了 351MB 流量.
2023-01-31 16:29:41,342	INFO	f*******@1**.com	获得了 487MB 流量.
2023-02-01 16:28:51,159	INFO	c*******@q*.com	获得了 411MB 流量.
2023-02-01 16:28:52,717	INFO	f*******@1**.com	获得了 385MB 流量.
2023-02-02 16:29:35,208	INFO	c*******@q*.com	获得了 313MB 流量.
2023-02-02 16:29:36,722	INFO	f*******@1**.com	获得了 353MB 流量.
2023-02-02 16:36:12,573	INFO	c*******@q*.com	您似乎已经签到过了...
2023-02-02 16:36:13,987	INFO	f*******@1**.com	您似乎已经签到过了...
2023-02-03 16:29:04,264	INFO	c*******@q*.com	获得了 326MB 流量.
2023-02-03 16:29:05,740	INFO	f*******@1**.com	获得了 404MB 流量.
2023-02-04 16:27:33,103	INFO	c*******@q*.com	获得了 384MB 流量.
2023-02-04 16:27:35,472	INFO	f*******@1**.com	获得了 331MB 流量.
2023-02-05 16:26:57,497	INFO	c*******@q*.com	获得了 457MB 流量.
2023-02-05 16:26:59,519	INFO	f*******@1**.com	获得了 386MB 流量.
2023-02-06 16:29:32,619	INFO	c*******@q*.com	获得了 485MB 流量.
2023-02-06 16:29:34,174	INFO	f*******@1**.com	获得了 446MB 流量.
2023-02-07 16:29:56,904	INFO	c*******@q*.com	获得了 309MB 流量.
2023-02-07 16:29:58,467	INFO	f*******@1**.com	获得了 333MB 流量.
2023-02-08 16:30:31,592	INFO	c*******@q*.com	获得了 482MB 流量.
2023-02-08 16:30:32,951	INFO	f*******@1**.com	获得了 488MB 流量.
2023-02-09 16:30:35,726	INFO	c*******@q*.com	获得了 329MB 流量.
2023-02-09 16:30:37,095	INFO	f*******@1**.com	获得了 435MB 流量.
2023-02-10 16:30:05,747	INFO	c*******@q*.com	获得了 338MB 流量.
2023-02-10 16:30:07,559	INFO	f*******@1**.com	获得了 399MB 流量.
2023-02-11 16:27:36,188	INFO	c*******@q*.com	获得了 463MB 流量.
2023-02-11 16:27:37,875	INFO	f*******@1**.com	获得了 316MB 流量.
2023-02-12 16:27:29,886	INFO	c*******@q*.com	获得了 378MB 流量.
2023-02-12 16:27:31,378	INFO	f*******@1**.com	获得了 425MB 流量.
2023-02-13 16:30:36,737	INFO	c*******@q*.com	获得了 316MB 流量.
2023-02-13 16:30:38,101	INFO	f*******@1**.com	获得了 357MB 流量.
2023-02-14 16:31:13,537	INFO	c*******@q*.com	获得了 427MB 流量.
2023-02-14 16:31:14,987	INFO	f*******@1**.com	获得了 302MB 流量.
2023-02-15 16:31:28,483	INFO	c*******@q*.com	获得了 311MB 流量.
2023-02-15 16:31:29,940	INFO	f*******@1**.com	获得了 335MB 流量.
2023-02-16 16:30:44,985	INFO	c*******@q*.com	获得了 440MB 流量.
2023-02-16 16:30:46,287	INFO	f*******@1**.com	获得了 397MB 流量.
